<?xml version="1.0" encoding="UTF-8"?>
<!-- Generated by org.testng.reporters.JUnitReportReporter -->
<testsuite skipped="0" hostname="Walkingtree-PC" name="testngExecutionOrderSet1.class3" tests="3" failures="0" timestamp="23 Feb 2018 09:24:49 GMT" time="0.015" errors="0">
  <testcase name="method9" time="0.001" classname="testngExecutionOrderSet1.class3"/>
  <testcase name="method7" time="0.012" classname="testngExecutionOrderSet1.class3"/>
  <testcase name="method8" time="0.002" classname="testngExecutionOrderSet1.class3"/>
</testsuite> <!-- testngExecutionOrderSet1.class3 -->
