<?xml version="1.0" encoding="UTF-8"?>
<!-- Generated by org.testng.reporters.JUnitReportReporter -->
<testsuite skipped="0" hostname="Walkingtree-PC" name="Selenium_Concept.cookiesHandling" tests="2" failures="0" timestamp="21 Feb 2018 13:35:23 GMT" time="69.855" errors="0">
  <testcase name="LaunchBrowser" time="34.634" classname="Selenium_Concept.cookiesHandling"/>
  <testcase name="LaunchBrowser" time="35.221" classname="Selenium_Concept.cookiesHandling"/>
</testsuite> <!-- Selenium_Concept.cookiesHandling -->
