<?xml version="1.0" encoding="UTF-8"?>
<!-- Generated by org.testng.reporters.JUnitReportReporter -->
<testsuite skipped="0" hostname="Walkingtree-PC" name="testngExecutionOrderSet1.class2" tests="3" failures="0" timestamp="23 Feb 2018 09:25:23 GMT" time="0.018" errors="0">
  <testcase name="method6" time="0.003" classname="testngExecutionOrderSet1.class2"/>
  <testcase name="method4" time="0.013" classname="testngExecutionOrderSet1.class2"/>
  <testcase name="method5" time="0.002" classname="testngExecutionOrderSet1.class2"/>
</testsuite> <!-- testngExecutionOrderSet1.class2 -->
