<?xml version="1.0" encoding="UTF-8"?>
<!-- Generated by org.testng.reporters.JUnitReportReporter -->
<testsuite skipped="0" hostname="Walkingtree-PC" name="testngExecutionOrderSet1.class1" tests="3" failures="0" timestamp="22 Feb 2018 08:32:02 GMT" time="0.018" errors="0">
  <testcase name="method1" time="0.014" classname="testngExecutionOrderSet1.class1"/>
  <testcase name="method2" time="0.002" classname="testngExecutionOrderSet1.class1"/>
  <testcase name="method3" time="0.002" classname="testngExecutionOrderSet1.class1"/>
</testsuite> <!-- testngExecutionOrderSet1.class1 -->
