<?xml version="1.0" encoding="UTF-8"?>
<!-- Generated by org.testng.reporters.JUnitReportReporter -->
<testsuite skipped="0" hostname="Walkingtree-PC" name="testngExecutionOrderSet2.class3" tests="3" failures="0" timestamp="22 Feb 2018 07:11:19 GMT" time="0.003" errors="0">
  <testcase name="method8" time="0.001" classname="testngExecutionOrderSet2.class3"/>
  <testcase name="method7" time="0.001" classname="testngExecutionOrderSet2.class3"/>
  <testcase name="method9" time="0.001" classname="testngExecutionOrderSet2.class3"/>
</testsuite> <!-- testngExecutionOrderSet2.class3 -->
