<?xml version="1.0" encoding="UTF-8"?>
<!-- Generated by org.testng.reporters.JUnitReportReporter -->
<testsuite skipped="0" hostname="Walkingtree-PC" name="testngExecutionOrderSet2.class1" tests="3" failures="0" timestamp="22 Feb 2018 07:11:19 GMT" time="0.004" errors="0">
  <testcase name="method3" time="0.002" classname="testngExecutionOrderSet2.class1"/>
  <testcase name="method2" time="0.001" classname="testngExecutionOrderSet2.class1"/>
  <testcase name="method1" time="0.001" classname="testngExecutionOrderSet2.class1"/>
</testsuite> <!-- testngExecutionOrderSet2.class1 -->
