<?xml version="1.0" encoding="UTF-8"?>
<!-- Generated by org.testng.reporters.JUnitReportReporter -->
<testsuite skipped="0" hostname="Walkingtree-PC" name="testngExecutionOrderSet2.class2" tests="3" failures="0" timestamp="22 Feb 2018 07:11:19 GMT" time="0.010" errors="0">
  <testcase name="method6" time="0.005" classname="testngExecutionOrderSet2.class2"/>
  <testcase name="method5" time="0.003" classname="testngExecutionOrderSet2.class2"/>
  <testcase name="method4" time="0.002" classname="testngExecutionOrderSet2.class2"/>
</testsuite> <!-- testngExecutionOrderSet2.class2 -->
